    12>D:\projects\misis2023f-23-check\misis2024s-23-03-silaev-v-v\prj.check\prj.check\doctest_queuelstpr\doctest_queuelstpr.cpp(3,10): error C1083: Не удается открыть файл включение: queuelstpr/queuelstpr.hpp: No such file or directory, [D:\projects\misis2023f-23-check\misis2024s-23-03-silaev-v-v\build.check\prj.check\prj.check\doctest_queuelstpr\doctest_queuelstpr.vcxproj]
     9>D:\projects\misis2023f-23-check\misis2024s-23-03-silaev-v-v\prj.check\prj.check\doctest_dynarr\doctest_dynarr_moveable.cpp(3,10): error C1083: Не удается открыть файл включение: dynarr/dynarr.hpp: No such file or directory, [D:\projects\misis2023f-23-check\misis2024s-23-03-silaev-v-v\build.check\prj.check\prj.check\doctest_dynarr\doctest_dynarr_m.vcxproj]
    20>D:\projects\misis2023f-23-check\misis2024s-23-03-silaev-v-v\prj.check\prj.check\doctest_rational\doctest_rational.cpp(3,10): error C1083: Не удается открыть файл включение: rational/rational.hpp: No such file or directory, [D:\projects\misis2023f-23-check\misis2024s-23-03-silaev-v-v\build.check\prj.check\prj.check\doctest_rational\doctest_rational.vcxproj]
    23>D:\projects\misis2023f-23-check\misis2024s-23-03-silaev-v-v\prj.check\prj.check\doctest_rational\doctest_rational_io.cpp(3,10): error C1083: Не удается открыть файл включение: rational/rational.hpp: No such file or directory, [D:\projects\misis2023f-23-check\misis2024s-23-03-silaev-v-v\build.check\prj.check\prj.check\doctest_rational\doctest_rational_io.vcxproj]
     5>D:\projects\misis2023f-23-check\misis2024s-23-03-silaev-v-v\prj.lab\bitset\bitset.cpp(110,1): error C4716: BitSet::operator|=: должна возвращать значение [D:\projects\misis2023f-23-check\misis2024s-23-03-silaev-v-v\build.check\prj.lab\bitset\bitset.vcxproj]
     5>D:\projects\misis2023f-23-check\misis2024s-23-03-silaev-v-v\prj.lab\bitset\bitset.cpp(102,1): error C4716: BitSet::operator&=: должна возвращать значение [D:\projects\misis2023f-23-check\misis2024s-23-03-silaev-v-v\build.check\prj.lab\bitset\bitset.vcxproj]
     5>D:\projects\misis2023f-23-check\misis2024s-23-03-silaev-v-v\prj.lab\bitset\bitset.cpp(117,1): error C4716: BitSet::operator^=: должна возвращать значение [D:\projects\misis2023f-23-check\misis2024s-23-03-silaev-v-v\build.check\prj.lab\bitset\bitset.vcxproj]
    15>D:\projects\misis2023f-23-check\misis2024s-23-03-silaev-v-v\prj.check\prj.check\doctest_dynarr\doctest_dynarr.cpp(3,10): error C1083: Не удается открыть файл включение: dynarr/dynarr.hpp: No such file or directory, [D:\projects\misis2023f-23-check\misis2024s-23-03-silaev-v-v\build.check\prj.check\prj.check\doctest_dynarr\doctest_dynarr.vcxproj]
    14>D:\projects\misis2023f-23-check\misis2024s-23-03-silaev-v-v\prj.check\prj.check\doctest_queuelstpr\doctest_queuelstpr_moveable.cpp(3,10): error C1083: Не удается открыть файл включение: queuelstpr/queuelstpr.hpp: No such file or directory, [D:\projects\misis2023f-23-check\misis2024s-23-03-silaev-v-v\build.check\prj.check\prj.check\doctest_queuelstpr\doctest_queuelstpr_m.vcxproj]
    22>D:\projects\misis2023f-23-check\misis2024s-23-03-silaev-v-v\prj.check\prj.check\doctest_rational\doctest_rational_moveable.cpp(3,10): error C1083: Не удается открыть файл включение: rational/rational.hpp: No such file or directory, [D:\projects\misis2023f-23-check\misis2024s-23-03-silaev-v-v\build.check\prj.check\prj.check\doctest_rational\doctest_rational_m.vcxproj]
    35>D:\projects\misis2023f-23-check\misis2024s-23-03-silaev-v-v\prj.test\test_stacklst.cpp(17,1): error C2039: "Size": не является членом "StackLst". [D:\projects\misis2023f-23-check\misis2024s-23-03-silaev-v-v\build.check\prj.test\test_stacklst.vcxproj]
     6>D:\projects\misis2023f-23-check\misis2024s-23-03-silaev-v-v\prj.check\prj.check\doctest_queuelst\doctest_queuelst.cpp(11,3): error C2065: QueueLst: необъявленный идентификатор [D:\projects\misis2023f-23-check\misis2024s-23-03-silaev-v-v\build.check\prj.check\prj.check\doctest_queuelst\doctest_queuelst.vcxproj]
     6>D:\projects\misis2023f-23-check\misis2024s-23-03-silaev-v-v\prj.check\prj.check\doctest_queuelst\doctest_queuelst.cpp(11,12): error C2146: синтаксическая ошибка: отсутствие ";" перед идентификатором "st" [D:\projects\misis2023f-23-check\misis2024s-23-03-silaev-v-v\build.check\prj.check\prj.check\doctest_queuelst\doctest_queuelst.vcxproj]
     6>D:\projects\misis2023f-23-check\misis2024s-23-03-silaev-v-v\prj.check\prj.check\doctest_queuelst\doctest_queuelst.cpp(11,12): error C2065: st: необъявленный идентификатор [D:\projects\misis2023f-23-check\misis2024s-23-03-silaev-v-v\build.check\prj.check\prj.check\doctest_queuelst\doctest_queuelst.vcxproj]
     6>D:\projects\misis2023f-23-check\misis2024s-23-03-silaev-v-v\prj.check\prj.check\doctest_queuelst\doctest_queuelst.cpp(15,3): error C2065: QueueLst: необъявленный идентификатор [D:\projects\misis2023f-23-check\misis2024s-23-03-silaev-v-v\build.check\prj.check\prj.check\doctest_queuelst\doctest_queuelst.vcxproj]
     6>D:\projects\misis2023f-23-check\misis2024s-23-03-silaev-v-v\prj.check\prj.check\doctest_queuelst\doctest_queuelst.cpp(15,12): error C2146: синтаксическая ошибка: отсутствие ";" перед идентификатором "st" [D:\projects\misis2023f-23-check\misis2024s-23-03-silaev-v-v\build.check\prj.check\prj.check\doctest_queuelst\doctest_queuelst.vcxproj]
     6>D:\projects\misis2023f-23-check\misis2024s-23-03-silaev-v-v\prj.check\prj.check\doctest_queuelst\doctest_queuelst.cpp(15,12): error C2065: st: необъявленный идентификатор [D:\projects\misis2023f-23-check\misis2024s-23-03-silaev-v-v\build.check\prj.check\prj.check\doctest_queuelst\doctest_queuelst.vcxproj]
     6>D:\projects\misis2023f-23-check\misis2024s-23-03-silaev-v-v\prj.check\prj.check\doctest_queuelst\doctest_queuelst.cpp(16,3): error C2065: st: необъявленный идентификатор [D:\projects\misis2023f-23-check\misis2024s-23-03-silaev-v-v\build.check\prj.check\prj.check\doctest_queuelst\doctest_queuelst.vcxproj]
     6>D:\projects\misis2023f-23-check\misis2024s-23-03-silaev-v-v\prj.check\prj.check\doctest_queuelst\doctest_queuelst.cpp(17,3): error C2065: st: необъявленный идентификатор [D:\projects\misis2023f-23-check\misis2024s-23-03-silaev-v-v\build.check\prj.check\prj.check\doctest_queuelst\doctest_queuelst.vcxproj]
     6>D:\projects\misis2023f-23-check\misis2024s-23-03-silaev-v-v\prj.check\prj.check\doctest_queuelst\doctest_queuelst.cpp(18,3): error C2065: st: необъявленный идентификатор [D:\projects\misis2023f-23-check\misis2024s-23-03-silaev-v-v\build.check\prj.check\prj.check\doctest_queuelst\doctest_queuelst.vcxproj]
     6>D:\projects\misis2023f-23-check\misis2024s-23-03-silaev-v-v\prj.check\prj.check\doctest_queuelst\doctest_queuelst.cpp(22,3): error C2065: QueueLst: необъявленный идентификатор [D:\projects\misis2023f-23-check\misis2024s-23-03-silaev-v-v\build.check\prj.check\prj.check\doctest_queuelst\doctest_queuelst.vcxproj]
     6>D:\projects\misis2023f-23-check\misis2024s-23-03-silaev-v-v\prj.check\prj.check\doctest_queuelst\doctest_queuelst.cpp(22,12): error C2146: синтаксическая ошибка: отсутствие ";" перед идентификатором "st_orig" [D:\projects\misis2023f-23-check\misis2024s-23-03-silaev-v-v\build.check\prj.check\prj.check\doctest_queuelst\doctest_queuelst.vcxproj]
     6>D:\projects\misis2023f-23-check\misis2024s-23-03-silaev-v-v\prj.check\prj.check\doctest_queuelst\doctest_queuelst.cpp(22,12): error C2065: st_orig: необъявленный идентификатор [D:\projects\misis2023f-23-check\misis2024s-23-03-silaev-v-v\build.check\prj.check\prj.check\doctest_queuelst\doctest_queuelst.vcxproj]
     6>D:\projects\misis2023f-23-check\misis2024s-23-03-silaev-v-v\prj.check\prj.check\doctest_queuelst\doctest_queuelst.cpp(23,3): error C2065: st_orig: необъявленный идентификатор [D:\projects\misis2023f-23-check\misis2024s-23-03-silaev-v-v\build.check\prj.check\prj.check\doctest_queuelst\doctest_queuelst.vcxproj]
     6>D:\projects\misis2023f-23-check\misis2024s-23-03-silaev-v-v\prj.check\prj.check\doctest_queuelst\doctest_queuelst.cpp(24,3): error C2065: st_orig: необъявленный идентификатор [D:\projects\misis2023f-23-check\misis2024s-23-03-silaev-v-v\build.check\prj.check\prj.check\doctest_queuelst\doctest_queuelst.vcxproj]
     6>D:\projects\misis2023f-23-check\misis2024s-23-03-silaev-v-v\prj.check\prj.check\doctest_queuelst\doctest_queuelst.cpp(25,3): error C2065: st_orig: необъявленный идентификатор [D:\projects\misis2023f-23-check\misis2024s-23-03-silaev-v-v\build.check\prj.check\prj.check\doctest_queuelst\doctest_queuelst.vcxproj]
     6>D:\projects\misis2023f-23-check\misis2024s-23-03-silaev-v-v\prj.check\prj.check\doctest_queuelst\doctest_queuelst.cpp(26,3): error C2065: st_orig: необъявленный идентификатор [D:\projects\misis2023f-23-check\misis2024s-23-03-silaev-v-v\build.check\prj.check\prj.check\doctest_queuelst\doctest_queuelst.vcxproj]
     6>D:\projects\misis2023f-23-check\misis2024s-23-03-silaev-v-v\prj.check\prj.check\doctest_queuelst\doctest_queuelst.cpp(27,3): error C2065: QueueLst: необъявленный идентификатор [D:\projects\misis2023f-23-check\misis2024s-23-03-silaev-v-v\build.check\prj.check\prj.check\doctest_queuelst\doctest_queuelst.vcxproj]
     6>D:\projects\misis2023f-23-check\misis2024s-23-03-silaev-v-v\prj.check\prj.check\doctest_queuelst\doctest_queuelst.cpp(27,12): error C2146: синтаксическая ошибка: отсутствие ";" перед идентификатором "st_src" [D:\projects\misis2023f-23-check\misis2024s-23-03-silaev-v-v\build.check\prj.check\prj.check\doctest_queuelst\doctest_queuelst.vcxproj]
     6>D:\projects\misis2023f-23-check\misis2024s-23-03-silaev-v-v\prj.check\prj.check\doctest_queuelst\doctest_queuelst.cpp(27,12): error C2065: st_src: необъявленный идентификатор [D:\projects\misis2023f-23-check\misis2024s-23-03-silaev-v-v\build.check\prj.check\prj.check\doctest_queuelst\doctest_queuelst.vcxproj]
     6>D:\projects\misis2023f-23-check\misis2024s-23-03-silaev-v-v\prj.check\prj.check\doctest_queuelst\doctest_queuelst.cpp(29,5): error C2065: st_src: необъявленный идентификатор [D:\projects\misis2023f-23-check\misis2024s-23-03-silaev-v-v\build.check\prj.check\prj.check\doctest_queuelst\doctest_queuelst.vcxproj]
     6>D:\projects\misis2023f-23-check\misis2024s-23-03-silaev-v-v\prj.check\prj.check\doctest_queuelst\doctest_queuelst.cpp(31,3): error C2065: st_src: необъявленный идентификатор [D:\projects\misis2023f-23-check\misis2024s-23-03-silaev-v-v\build.check\prj.check\prj.check\doctest_queuelst\doctest_queuelst.vcxproj]
     6>D:\projects\misis2023f-23-check\misis2024s-23-03-silaev-v-v\prj.check\prj.check\doctest_queuelst\doctest_queuelst.cpp(32,3): error C2065: st_orig: необъявленный идентификатор [D:\projects\misis2023f-23-check\misis2024s-23-03-silaev-v-v\build.check\prj.check\prj.check\doctest_queuelst\doctest_queuelst.vcxproj]
     6>D:\projects\misis2023f-23-check\misis2024s-23-03-silaev-v-v\prj.check\prj.check\doctest_queuelst\doctest_queuelst.cpp(32,13): error C2065: st_src: необъявленный идентификатор [D:\projects\misis2023f-23-check\misis2024s-23-03-silaev-v-v\build.check\prj.check\prj.check\doctest_queuelst\doctest_queuelst.vcxproj]
     6>D:\projects\misis2023f-23-check\misis2024s-23-03-silaev-v-v\prj.check\prj.check\doctest_queuelst\doctest_queuelst.cpp(36,3): error C2065: QueueLst: необъявленный идентификатор [D:\projects\misis2023f-23-check\misis2024s-23-03-silaev-v-v\build.check\prj.check\prj.check\doctest_queuelst\doctest_queuelst.vcxproj]
     6>D:\projects\misis2023f-23-check\misis2024s-23-03-silaev-v-v\prj.check\prj.check\doctest_queuelst\doctest_queuelst.cpp(36,12): error C2146: синтаксическая ошибка: отсутствие ";" перед идентификатором "st_orig" [D:\projects\misis2023f-23-check\misis2024s-23-03-silaev-v-v\build.check\prj.check\prj.check\doctest_queuelst\doctest_queuelst.vcxproj]
     6>D:\projects\misis2023f-23-check\misis2024s-23-03-silaev-v-v\prj.check\prj.check\doctest_queuelst\doctest_queuelst.cpp(36,12): error C2065: st_orig: необъявленный идентификатор [D:\projects\misis2023f-23-check\misis2024s-23-03-silaev-v-v\build.check\prj.check\prj.check\doctest_queuelst\doctest_queuelst.vcxproj]
     6>D:\projects\misis2023f-23-check\misis2024s-23-03-silaev-v-v\prj.check\prj.check\doctest_queuelst\doctest_queuelst.cpp(37,3): error C2065: QueueLst: необъявленный идентификатор [D:\projects\misis2023f-23-check\misis2024s-23-03-silaev-v-v\build.check\prj.check\prj.check\doctest_queuelst\doctest_queuelst.vcxproj]
     6>D:\projects\misis2023f-23-check\misis2024s-23-03-silaev-v-v\prj.check\prj.check\doctest_queuelst\doctest_queuelst.cpp(37,12): error C2146: синтаксическая ошибка: отсутствие ";" перед идентификатором "st_empty" [D:\projects\misis2023f-23-check\misis2024s-23-03-silaev-v-v\build.check\prj.check\prj.check\doctest_queuelst\doctest_queuelst.vcxproj]
     6>D:\projects\misis2023f-23-check\misis2024s-23-03-silaev-v-v\prj.check\prj.check\doctest_queuelst\doctest_queuelst.cpp(37,21): error C2065: st_orig: необъявленный идентификатор [D:\projects\misis2023f-23-check\misis2024s-23-03-silaev-v-v\build.check\prj.check\prj.check\doctest_queuelst\doctest_queuelst.vcxproj]
     6>D:\projects\misis2023f-23-check\misis2024s-23-03-silaev-v-v\prj.check\prj.check\doctest_queuelst\doctest_queuelst.cpp(37,12): error C3861: st_empty: идентификатор не найден [D:\projects\misis2023f-23-check\misis2024s-23-03-silaev-v-v\build.check\prj.check\prj.check\doctest_queuelst\doctest_queuelst.vcxproj]
     6>D:\projects\misis2023f-23-check\misis2024s-23-03-silaev-v-v\prj.check\prj.check\doctest_queuelst\doctest_queuelst.cpp(38,3): error C2065: st_empty: необъявленный идентификатор [D:\projects\misis2023f-23-check\misis2024s-23-03-silaev-v-v\build.check\prj.check\prj.check\doctest_queuelst\doctest_queuelst.vcxproj]
     6>D:\projects\misis2023f-23-check\misis2024s-23-03-silaev-v-v\prj.check\prj.check\doctest_queuelst\doctest_queuelst.cpp(41,5): error C2065: st_orig: необъявленный идентификатор [D:\projects\misis2023f-23-check\misis2024s-23-03-silaev-v-v\build.check\prj.check\prj.check\doctest_queuelst\doctest_queuelst.vcxproj]
     6>D:\projects\misis2023f-23-check\misis2024s-23-03-silaev-v-v\prj.check\prj.check\doctest_queuelst\doctest_queuelst.cpp(42,5): error C2065: st_orig: необъявленный идентификатор [D:\projects\misis2023f-23-check\misis2024s-23-03-silaev-v-v\build.check\prj.check\prj.check\doctest_queuelst\doctest_queuelst.vcxproj]
     6>D:\projects\misis2023f-23-check\misis2024s-23-03-silaev-v-v\prj.check\prj.check\doctest_queuelst\doctest_queuelst.cpp(43,5): error C2065: st_orig: необъявленный идентификатор [D:\projects\misis2023f-23-check\misis2024s-23-03-silaev-v-v\build.check\prj.check\prj.check\doctest_queuelst\doctest_queuelst.vcxproj]
     6>D:\projects\misis2023f-23-check\misis2024s-23-03-silaev-v-v\prj.check\prj.check\doctest_queuelst\doctest_queuelst.cpp(44,5): error C2065: st_orig: необъявленный идентификатор [D:\projects\misis2023f-23-check\misis2024s-23-03-silaev-v-v\build.check\prj.check\prj.check\doctest_queuelst\doctest_queuelst.vcxproj]
     6>D:\projects\misis2023f-23-check\misis2024s-23-03-silaev-v-v\prj.check\prj.check\doctest_queuelst\doctest_queuelst.cpp(45,5): error C2065: QueueLst: необъявленный идентификатор [D:\projects\misis2023f-23-check\misis2024s-23-03-silaev-v-v\build.check\prj.check\prj.check\doctest_queuelst\doctest_queuelst.vcxproj]
     6>D:\projects\misis2023f-23-check\misis2024s-23-03-silaev-v-v\prj.check\prj.check\doctest_queuelst\doctest_queuelst.cpp(45,14): error C2146: синтаксическая ошибка: отсутствие ";" перед идентификатором "st_copy" [D:\projects\misis2023f-23-check\misis2024s-23-03-silaev-v-v\build.check\prj.check\prj.check\doctest_queuelst\doctest_queuelst.vcxproj]
     6>D:\projects\misis2023f-23-check\misis2024s-23-03-silaev-v-v\prj.check\prj.check\doctest_queuelst\doctest_queuelst.cpp(45,22): error C2065: st_orig: необъявленный идентификатор [D:\projects\misis2023f-23-check\misis2024s-23-03-silaev-v-v\build.check\prj.check\prj.check\doctest_queuelst\doctest_queuelst.vcxproj]
     6>D:\projects\misis2023f-23-check\misis2024s-23-03-silaev-v-v\prj.check\prj.check\doctest_queuelst\doctest_queuelst.cpp(45,14): error C3861: st_copy: идентификатор не найден [D:\projects\misis2023f-23-check\misis2024s-23-03-silaev-v-v\build.check\prj.check\prj.check\doctest_queuelst\doctest_queuelst.vcxproj]
     6>D:\projects\misis2023f-23-check\misis2024s-23-03-silaev-v-v\prj.check\prj.check\doctest_queuelst\doctest_queuelst.cpp(46,5): error C2065: st_copy: необъявленный идентификатор [D:\projects\misis2023f-23-check\misis2024s-23-03-silaev-v-v\build.check\prj.check\prj.check\doctest_queuelst\doctest_queuelst.vcxproj]
     6>D:\projects\misis2023f-23-check\misis2024s-23-03-silaev-v-v\prj.check\prj.check\doctest_queuelst\doctest_queuelst.cpp(47,5): error C2065: st_orig: необъявленный идентификатор [D:\projects\misis2023f-23-check\misis2024s-23-03-silaev-v-v\build.check\prj.check\prj.check\doctest_queuelst\doctest_queuelst.vcxproj]
     6>D:\projects\misis2023f-23-check\misis2024s-23-03-silaev-v-v\prj.check\prj.check\doctest_queuelst\doctest_queuelst.cpp(47,5): error C2065: st_copy: необъявленный идентификатор [D:\projects\misis2023f-23-check\misis2024s-23-03-silaev-v-v\build.check\prj.check\prj.check\doctest_queuelst\doctest_queuelst.vcxproj]
     6>D:\projects\misis2023f-23-check\misis2024s-23-03-silaev-v-v\prj.check\prj.check\doctest_queuelst\doctest_queuelst.cpp(47,5): error C2672: "doctest::detail::ResultBuilder::binary_assert": не найдена соответствующая перегруженная функция [D:\projects\misis2023f-23-check\misis2024s-23-03-silaev-v-v\build.check\prj.check\prj.check\doctest_queuelst\doctest_queuelst.vcxproj]
     6>D:\projects\misis2023f-23-check\misis2024s-23-03-silaev-v-v\prj.check\prj.check\doctest_queuelst\doctest_queuelst.cpp(48,5): error C2065: st_orig: необъявленный идентификатор [D:\projects\misis2023f-23-check\misis2024s-23-03-silaev-v-v\build.check\prj.check\prj.check\doctest_queuelst\doctest_queuelst.vcxproj]
     6>D:\projects\misis2023f-23-check\misis2024s-23-03-silaev-v-v\prj.check\prj.check\doctest_queuelst\doctest_queuelst.cpp(48,5): error C2065: st_copy: необъявленный идентификатор [D:\projects\misis2023f-23-check\misis2024s-23-03-silaev-v-v\build.check\prj.check\prj.check\doctest_queuelst\doctest_queuelst.vcxproj]
     6>D:\projects\misis2023f-23-check\misis2024s-23-03-silaev-v-v\prj.check\prj.check\doctest_queuelst\doctest_queuelst.cpp(48,5): error C2672: "doctest::detail::ResultBuilder::binary_assert": не найдена соответствующая перегруженная функция [D:\projects\misis2023f-23-check\misis2024s-23-03-silaev-v-v\build.check\prj.check\prj.check\doctest_queuelst\doctest_queuelst.vcxproj]
     6>D:\projects\misis2023f-23-check\misis2024s-23-03-silaev-v-v\prj.check\prj.check\doctest_queuelst\doctest_queuelst.cpp(49,5): error C2065: st_copy: необъявленный идентификатор [D:\projects\misis2023f-23-check\misis2024s-23-03-silaev-v-v\build.check\prj.check\prj.check\doctest_queuelst\doctest_queuelst.vcxproj]
     6>D:\projects\misis2023f-23-check\misis2024s-23-03-silaev-v-v\prj.check\prj.check\doctest_queuelst\doctest_queuelst.cpp(50,5): error C2065: st_orig: необъявленный идентификатор [D:\projects\misis2023f-23-check\misis2024s-23-03-silaev-v-v\build.check\prj.check\prj.check\doctest_queuelst\doctest_queuelst.vcxproj]
     6>D:\projects\misis2023f-23-check\misis2024s-23-03-silaev-v-v\prj.check\prj.check\doctest_queuelst\doctest_queuelst.cpp(50,5): error C2065: st_copy: необъявленный идентификатор [D:\projects\misis2023f-23-check\misis2024s-23-03-silaev-v-v\build.check\prj.check\prj.check\doctest_queuelst\doctest_queuelst.vcxproj]
     6>D:\projects\misis2023f-23-check\misis2024s-23-03-silaev-v-v\prj.check\prj.check\doctest_queuelst\doctest_queuelst.cpp(50,5): error C2672: "doctest::detail::ResultBuilder::binary_assert": не найдена соответствующая перегруженная функция [D:\projects\misis2023f-23-check\misis2024s-23-03-silaev-v-v\build.check\prj.check\prj.check\doctest_queuelst\doctest_queuelst.vcxproj]
     6>D:\projects\misis2023f-23-check\misis2024s-23-03-silaev-v-v\prj.check\prj.check\doctest_queuelst\doctest_queuelst.cpp(51,5): error C2065: st_orig: необъявленный идентификатор [D:\projects\misis2023f-23-check\misis2024s-23-03-silaev-v-v\build.check\prj.check\prj.check\doctest_queuelst\doctest_queuelst.vcxproj]
     6>D:\projects\misis2023f-23-check\misis2024s-23-03-silaev-v-v\prj.check\prj.check\doctest_queuelst\doctest_queuelst.cpp(51,5): error C2065: st_copy: необъявленный идентификатор [D:\projects\misis2023f-23-check\misis2024s-23-03-silaev-v-v\build.check\prj.check\prj.check\doctest_queuelst\doctest_queuelst.vcxproj]
     6>D:\projects\misis2023f-23-check\misis2024s-23-03-silaev-v-v\prj.check\prj.check\doctest_queuelst\doctest_queuelst.cpp(51,5): error C2672: "doctest::detail::ResultBuilder::binary_assert": не найдена соответствующая перегруженная функция [D:\projects\misis2023f-23-check\misis2024s-23-03-silaev-v-v\build.check\prj.check\prj.check\doctest_queuelst\doctest_queuelst.vcxproj]
     6>D:\projects\misis2023f-23-check\misis2024s-23-03-silaev-v-v\prj.check\prj.check\doctest_queuelst\doctest_queuelst.cpp(52,13): error C2065: st_orig: необъявленный идентификатор [D:\projects\misis2023f-23-check\misis2024s-23-03-silaev-v-v\build.check\prj.check\prj.check\doctest_queuelst\doctest_queuelst.vcxproj]
     6>D:\projects\misis2023f-23-check\misis2024s-23-03-silaev-v-v\prj.check\prj.check\doctest_queuelst\doctest_queuelst.cpp(53,7): error C2065: st_orig: необъявленный идентификатор [D:\projects\misis2023f-23-check\misis2024s-23-03-silaev-v-v\build.check\prj.check\prj.check\doctest_queuelst\doctest_queuelst.vcxproj]
     6>D:\projects\misis2023f-23-check\misis2024s-23-03-silaev-v-v\prj.check\prj.check\doctest_queuelst\doctest_queuelst.cpp(54,12): error C2065: st_orig: необъявленный идентификатор [D:\projects\misis2023f-23-check\misis2024s-23-03-silaev-v-v\build.check\prj.check\prj.check\doctest_queuelst\doctest_queuelst.vcxproj]
     6>D:\projects\misis2023f-23-check\misis2024s-23-03-silaev-v-v\prj.check\prj.check\doctest_queuelst\doctest_queuelst.cpp(55,9): error C2065: st_orig: необъявленный идентификатор [D:\projects\misis2023f-23-check\misis2024s-23-03-silaev-v-v\build.check\prj.check\prj.check\doctest_queuelst\doctest_queuelst.vcxproj]
     6>D:\projects\misis2023f-23-check\misis2024s-23-03-silaev-v-v\prj.check\prj.check\doctest_queuelst\doctest_queuelst.cpp(55,9): error C2065: st_copy: необъявленный идентификатор [D:\projects\misis2023f-23-check\misis2024s-23-03-silaev-v-v\build.check\prj.check\prj.check\doctest_queuelst\doctest_queuelst.vcxproj]
     6>D:\projects\misis2023f-23-check\misis2024s-23-03-silaev-v-v\prj.check\prj.check\doctest_queuelst\doctest_queuelst.cpp(55,9): error C2672: "doctest::detail::ResultBuilder::binary_assert": не найдена соответствующая перегруженная функция [D:\projects\misis2023f-23-check\misis2024s-23-03-silaev-v-v\build.check\prj.check\prj.check\doctest_queuelst\doctest_queuelst.vcxproj]
     6>D:\projects\misis2023f-23-check\misis2024s-23-03-silaev-v-v\prj.check\prj.check\doctest_queuelst\doctest_queuelst.cpp(57,7): error C2065: st_copy: необъявленный идентификатор [D:\projects\misis2023f-23-check\misis2024s-23-03-silaev-v-v\build.check\prj.check\prj.check\doctest_queuelst\doctest_queuelst.vcxproj]
     6>D:\projects\misis2023f-23-check\misis2024s-23-03-silaev-v-v\prj.check\prj.check\doctest_queuelst\doctest_queuelst.cpp(58,12): error C2065: st_copy: необъявленный идентификатор [D:\projects\misis2023f-23-check\misis2024s-23-03-silaev-v-v\build.check\prj.check\prj.check\doctest_queuelst\doctest_queuelst.vcxproj]
     6>D:\projects\misis2023f-23-check\misis2024s-23-03-silaev-v-v\prj.check\prj.check\doctest_queuelst\doctest_queuelst.cpp(59,9): error C2065: st_orig: необъявленный идентификатор [D:\projects\misis2023f-23-check\misis2024s-23-03-silaev-v-v\build.check\prj.check\prj.check\doctest_queuelst\doctest_queuelst.vcxproj]
     6>D:\projects\misis2023f-23-check\misis2024s-23-03-silaev-v-v\prj.check\prj.check\doctest_queuelst\doctest_queuelst.cpp(59,9): error C2065: st_copy: необъявленный идентификатор [D:\projects\misis2023f-23-check\misis2024s-23-03-silaev-v-v\build.check\prj.check\prj.check\doctest_queuelst\doctest_queuelst.vcxproj]
     6>D:\projects\misis2023f-23-check\misis2024s-23-03-silaev-v-v\prj.check\prj.check\doctest_queuelst\doctest_queuelst.cpp(59,9): error C2672: "doctest::detail::ResultBuilder::binary_assert": не найдена соответствующая перегруженная функция [D:\projects\misis2023f-23-check\misis2024s-23-03-silaev-v-v\build.check\prj.check\prj.check\doctest_queuelst\doctest_queuelst.vcxproj]
     6>D:\projects\misis2023f-23-check\misis2024s-23-03-silaev-v-v\prj.check\prj.check\doctest_queuelst\doctest_queuelst.cpp(65,5): error C2065: st_orig: необъявленный идентификатор [D:\projects\misis2023f-23-check\misis2024s-23-03-silaev-v-v\build.check\prj.check\prj.check\doctest_queuelst\doctest_queuelst.vcxproj]
     6>D:\projects\misis2023f-23-check\misis2024s-23-03-silaev-v-v\prj.check\prj.check\doctest_queuelst\doctest_queuelst.cpp(67,3): error C2065: st_orig: необъявленный идентификатор [D:\projects\misis2023f-23-check\misis2024s-23-03-silaev-v-v\build.check\prj.check\prj.check\doctest_queuelst\doctest_queuelst.vcxproj]
     6>D:\projects\misis2023f-23-check\misis2024s-23-03-silaev-v-v\prj.check\prj.check\doctest_queuelst\doctest_queuelst.cpp(68,3): error C2065: QueueLst: необъявленный идентификатор [D:\projects\misis2023f-23-check\misis2024s-23-03-silaev-v-v\build.check\prj.check\prj.check\doctest_queuelst\doctest_queuelst.vcxproj]
     6>D:\projects\misis2023f-23-check\misis2024s-23-03-silaev-v-v\prj.check\prj.check\doctest_queuelst\doctest_queuelst.cpp(68,12): error C2146: синтаксическая ошибка: отсутствие ";" перед идентификатором "st_copy" [D:\projects\misis2023f-23-check\misis2024s-23-03-silaev-v-v\build.check\prj.check\prj.check\doctest_queuelst\doctest_queuelst.vcxproj]
     6>D:\projects\misis2023f-23-check\misis2024s-23-03-silaev-v-v\prj.check\prj.check\doctest_queuelst\doctest_queuelst.cpp(68,20): error C2065: st_orig: необъявленный идентификатор [D:\projects\misis2023f-23-check\misis2024s-23-03-silaev-v-v\build.check\prj.check\prj.check\doctest_queuelst\doctest_queuelst.vcxproj]
     6>D:\projects\misis2023f-23-check\misis2024s-23-03-silaev-v-v\prj.check\prj.check\doctest_queuelst\doctest_queuelst.cpp(68,12): error C3861: st_copy: идентификатор не найден [D:\projects\misis2023f-23-check\misis2024s-23-03-silaev-v-v\build.check\prj.check\prj.check\doctest_queuelst\doctest_queuelst.vcxproj]
     6>D:\projects\misis2023f-23-check\misis2024s-23-03-silaev-v-v\prj.check\prj.check\doctest_queuelst\doctest_queuelst.cpp(69,3): error C2065: st_copy: необъявленный идентификатор [D:\projects\misis2023f-23-check\misis2024s-23-03-silaev-v-v\build.check\prj.check\prj.check\doctest_queuelst\doctest_queuelst.vcxproj]
     6>D:\projects\misis2023f-23-check\misis2024s-23-03-silaev-v-v\prj.check\prj.check\doctest_queuelst\doctest_queuelst.cpp(70,3): error C2065: st_orig: необъявленный идентификатор [D:\projects\misis2023f-23-check\misis2024s-23-03-silaev-v-v\build.check\prj.check\prj.check\doctest_queuelst\doctest_queuelst.vcxproj]
     6>D:\projects\misis2023f-23-check\misis2024s-23-03-silaev-v-v\prj.check\prj.check\doctest_queuelst\doctest_queuelst.cpp(70,3): error C2065: st_copy: необъявленный идентификатор [D:\projects\misis2023f-23-check\misis2024s-23-03-silaev-v-v\build.check\prj.check\prj.check\doctest_queuelst\doctest_queuelst.vcxproj]
     6>D:\projects\misis2023f-23-check\misis2024s-23-03-silaev-v-v\prj.check\prj.check\doctest_queuelst\doctest_queuelst.cpp(70,3): error C2672: "doctest::detail::ResultBuilder::binary_assert": не найдена соответствующая перегруженная функция [D:\projects\misis2023f-23-check\misis2024s-23-03-silaev-v-v\build.check\prj.check\prj.check\doctest_queuelst\doctest_queuelst.vcxproj]
     6>D:\projects\misis2023f-23-check\misis2024s-23-03-silaev-v-v\prj.check\prj.check\doctest_queuelst\doctest_queuelst.cpp(71,3): error C2065: st_orig: необъявленный идентификатор [D:\projects\misis2023f-23-check\misis2024s-23-03-silaev-v-v\build.check\prj.check\prj.check\doctest_queuelst\doctest_queuelst.vcxproj]
     6>D:\projects\misis2023f-23-check\misis2024s-23-03-silaev-v-v\prj.check\prj.check\doctest_queuelst\doctest_queuelst.cpp(71,3): error C2065: st_copy: необъявленный идентификатор [D:\projects\misis2023f-23-check\misis2024s-23-03-silaev-v-v\build.check\prj.check\prj.check\doctest_queuelst\doctest_queuelst.vcxproj]
     6>D:\projects\misis2023f-23-check\misis2024s-23-03-silaev-v-v\prj.check\prj.check\doctest_queuelst\doctest_queuelst.cpp(71,3): error C2672: "doctest::detail::ResultBuilder::binary_assert": не найдена соответствующая перегруженная функция [D:\projects\misis2023f-23-check\misis2024s-23-03-silaev-v-v\build.check\prj.check\prj.check\doctest_queuelst\doctest_queuelst.vcxproj]
     6>D:\projects\misis2023f-23-check\misis2024s-23-03-silaev-v-v\prj.check\prj.check\doctest_queuelst\doctest_queuelst.cpp(72,3): error C2065: st_copy: необъявленный идентификатор [D:\projects\misis2023f-23-check\misis2024s-23-03-silaev-v-v\build.check\prj.check\prj.check\doctest_queuelst\doctest_queuelst.vcxproj]
     6>D:\projects\misis2023f-23-check\misis2024s-23-03-silaev-v-v\prj.check\prj.check\doctest_queuelst\doctest_queuelst.cpp(73,3): error C2065: st_orig: необъявленный идентификатор [D:\projects\misis2023f-23-check\misis2024s-23-03-silaev-v-v\build.check\prj.check\prj.check\doctest_queuelst\doctest_queuelst.vcxproj]
     6>D:\projects\misis2023f-23-check\misis2024s-23-03-silaev-v-v\prj.check\prj.check\doctest_queuelst\doctest_queuelst.cpp(73,3): error C2065: st_copy: необъявленный идентификатор [D:\projects\misis2023f-23-check\misis2024s-23-03-silaev-v-v\build.check\prj.check\prj.check\doctest_queuelst\doctest_queuelst.vcxproj]
     6>D:\projects\misis2023f-23-check\misis2024s-23-03-silaev-v-v\prj.check\prj.check\doctest_queuelst\doctest_queuelst.cpp(73,3): error C2672: "doctest::detail::ResultBuilder::binary_assert": не найдена соответствующая перегруженная функция [D:\projects\misis2023f-23-check\misis2024s-23-03-silaev-v-v\build.check\prj.check\prj.check\doctest_queuelst\doctest_queuelst.vcxproj]
     6>D:\projects\misis2023f-23-check\misis2024s-23-03-silaev-v-v\prj.check\prj.check\doctest_queuelst\doctest_queuelst.cpp(74,3): error C2065: st_orig: необъявленный идентификатор [D:\projects\misis2023f-23-check\misis2024s-23-03-silaev-v-v\build.check\prj.check\prj.check\doctest_queuelst\doctest_queuelst.vcxproj]
     6>D:\projects\misis2023f-23-check\misis2024s-23-03-silaev-v-v\prj.check\prj.check\doctest_queuelst\doctest_queuelst.cpp(74,3): error C2065: st_copy: необъявленный идентификатор [D:\projects\misis2023f-23-check\misis2024s-23-03-silaev-v-v\build.check\prj.check\prj.check\doctest_queuelst\doctest_queuelst.vcxproj]
     6>D:\projects\misis2023f-23-check\misis2024s-23-03-silaev-v-v\prj.check\prj.check\doctest_queuelst\doctest_queuelst.cpp(74,3): error C2672: "doctest::detail::ResultBuilder::binary_assert": не найдена соответствующая перегруженная функция [D:\projects\misis2023f-23-check\misis2024s-23-03-silaev-v-v\build.check\prj.check\prj.check\doctest_queuelst\doctest_queuelst.vcxproj]
     6>D:\projects\misis2023f-23-check\misis2024s-23-03-silaev-v-v\prj.check\prj.check\doctest_queuelst\doctest_queuelst.cpp(75,11): error C2065: st_orig: необъявленный идентификатор [D:\projects\misis2023f-23-check\misis2024s-23-03-silaev-v-v\build.check\prj.check\prj.check\doctest_queuelst\doctest_queuelst.vcxproj]
     6>D:\projects\misis2023f-23-check\misis2024s-23-03-silaev-v-v\prj.check\prj.check\doctest_queuelst\doctest_queuelst.cpp(76,5): error C2065: st_orig: необъявленный идентификатор [D:\projects\misis2023f-23-check\misis2024s-23-03-silaev-v-v\build.check\prj.check\prj.check\doctest_queuelst\doctest_queuelst.vcxproj]
     6>D:\projects\misis2023f-23-check\misis2024s-23-03-silaev-v-v\prj.check\prj.check\doctest_queuelst\doctest_queuelst.cpp(77,10): error C2065: st_orig: необъявленный идентификатор [D:\projects\misis2023f-23-check\misis2024s-23-03-silaev-v-v\build.check\prj.check\prj.check\doctest_queuelst\doctest_queuelst.vcxproj]
     6>D:\projects\misis2023f-23-check\misis2024s-23-03-silaev-v-v\prj.check\prj.check\doctest_queuelst\doctest_queuelst.cpp(78,7): error C2065: st_orig: необъявленный идентификатор [D:\projects\misis2023f-23-check\misis2024s-23-03-silaev-v-v\build.check\prj.check\prj.check\doctest_queuelst\doctest_queuelst.vcxproj]
     6>D:\projects\misis2023f-23-check\misis2024s-23-03-silaev-v-v\prj.check\prj.check\doctest_queuelst\doctest_queuelst.cpp(78,7): error C2065: st_copy: необъявленный идентификатор [D:\projects\misis2023f-23-check\misis2024s-23-03-silaev-v-v\build.check\prj.check\prj.check\doctest_queuelst\doctest_queuelst.vcxproj]
     6>D:\projects\misis2023f-23-check\misis2024s-23-03-silaev-v-v\prj.check\prj.check\doctest_queuelst\doctest_queuelst.cpp(78,7): error C2672: "doctest::detail::ResultBuilder::binary_assert": не найдена соответствующая перегруженная функция [D:\projects\misis2023f-23-check\misis2024s-23-03-silaev-v-v\build.check\prj.check\prj.check\doctest_queuelst\doctest_queuelst.vcxproj]
     6>D:\projects\misis2023f-23-check\misis2024s-23-03-silaev-v-v\prj.check\prj.check\doctest_queuelst\doctest_queuelst.cpp(80,5): error C2065: st_copy: необъявленный идентификатор [D:\projects\misis2023f-23-check\misis2024s-23-03-silaev-v-v\build.check\prj.check\prj.check\doctest_queuelst\doctest_queuelst.vcxproj]
     6>D:\projects\misis2023f-23-check\misis2024s-23-03-silaev-v-v\prj.check\prj.check\doctest_queuelst\doctest_queuelst.cpp(81,10): error C2065: st_copy: необъявленный идентификатор [D:\projects\misis2023f-23-check\misis2024s-23-03-silaev-v-v\build.check\prj.check\prj.check\doctest_queuelst\doctest_queuelst.vcxproj]
     6>D:\projects\misis2023f-23-check\misis2024s-23-03-silaev-v-v\prj.check\prj.check\doctest_queuelst\doctest_queuelst.cpp(82,7): error C2065: st_orig: необъявленный идентификатор [D:\projects\misis2023f-23-check\misis2024s-23-03-silaev-v-v\build.check\prj.check\prj.check\doctest_queuelst\doctest_queuelst.vcxproj]
     6>D:\projects\misis2023f-23-check\misis2024s-23-03-silaev-v-v\prj.check\prj.check\doctest_queuelst\doctest_queuelst.cpp(82,7): error C2065: st_copy: необъявленный идентификатор [D:\projects\misis2023f-23-check\misis2024s-23-03-silaev-v-v\build.check\prj.check\prj.check\doctest_queuelst\doctest_queuelst.vcxproj]
     6>D:\projects\misis2023f-23-check\misis2024s-23-03-silaev-v-v\prj.check\prj.check\doctest_queuelst\doctest_queuelst.cpp(82,7): error C2672: "doctest::detail::ResultBuilder::binary_assert": не найдена соответствующая перегруженная функция [D:\projects\misis2023f-23-check\misis2024s-23-03-silaev-v-v\build.check\prj.check\prj.check\doctest_queuelst\doctest_queuelst.vcxproj]
     6>D:\projects\misis2023f-23-check\misis2024s-23-03-silaev-v-v\prj.check\prj.check\doctest_queuelst\doctest_queuelst.cpp(88,3): error C2065: QueueLst: необъявленный идентификатор [D:\projects\misis2023f-23-check\misis2024s-23-03-silaev-v-v\build.check\prj.check\prj.check\doctest_queuelst\doctest_queuelst.vcxproj]
     6>D:\projects\misis2023f-23-check\misis2024s-23-03-silaev-v-v\prj.check\prj.check\doctest_queuelst\doctest_queuelst.cpp(88,12): error C2146: синтаксическая ошибка: отсутствие ";" перед идентификатором "st_orig" [D:\projects\misis2023f-23-check\misis2024s-23-03-silaev-v-v\build.check\prj.check\prj.check\doctest_queuelst\doctest_queuelst.vcxproj]
     6>D:\projects\misis2023f-23-check\misis2024s-23-03-silaev-v-v\prj.check\prj.check\doctest_queuelst\doctest_queuelst.cpp(88,12): error C2065: st_orig: необъявленный идентификатор [D:\projects\misis2023f-23-check\misis2024s-23-03-silaev-v-v\build.check\prj.check\prj.check\doctest_queuelst\doctest_queuelst.vcxproj]
     6>D:\projects\misis2023f-23-check\misis2024s-23-03-silaev-v-v\prj.check\prj.check\doctest_queuelst\doctest_queuelst.cpp(89,3): error C2065: QueueLst: необъявленный идентификатор [D:\projects\misis2023f-23-check\misis2024s-23-03-silaev-v-v\build.check\prj.check\prj.check\doctest_queuelst\doctest_queuelst.vcxproj]
     6>D:\projects\misis2023f-23-check\misis2024s-23-03-silaev-v-v\prj.check\prj.check\doctest_queuelst\doctest_queuelst.cpp(89,12): error C2146: синтаксическая ошибка: отсутствие ";" перед идентификатором "st_empty" [D:\projects\misis2023f-23-check\misis2024s-23-03-silaev-v-v\build.check\prj.check\prj.check\doctest_queuelst\doctest_queuelst.vcxproj]
     6>D:\projects\misis2023f-23-check\misis2024s-23-03-silaev-v-v\prj.check\prj.check\doctest_queuelst\doctest_queuelst.cpp(89,12): error C2065: st_empty: необъявленный идентификатор [D:\projects\misis2023f-23-check\misis2024s-23-03-silaev-v-v\build.check\prj.check\prj.check\doctest_queuelst\doctest_queuelst.vcxproj]
     6>D:\projects\misis2023f-23-check\misis2024s-23-03-silaev-v-v\prj.check\prj.check\doctest_queuelst\doctest_queuelst.cpp(89,12): error C1003: число ошибок превышает 100; остановка компиляции [D:\projects\misis2023f-23-check\misis2024s-23-03-silaev-v-v\build.check\prj.check\prj.check\doctest_queuelst\doctest_queuelst.vcxproj]
    35>D:\projects\misis2023f-23-check\misis2024s-23-03-silaev-v-v\prj.test\test_stacklst.cpp(20,1): error C2039: "Size": не является членом "StackLst". [D:\projects\misis2023f-23-check\misis2024s-23-03-silaev-v-v\build.check\prj.test\test_stacklst.vcxproj]
    11>D:\projects\misis2023f-23-check\misis2024s-23-03-silaev-v-v\prj.check\prj.check\doctest_queuelst\doctest_queuelst_moveable.cpp(8,1): error C2065: QueueLst: необъявленный идентификатор [D:\projects\misis2023f-23-check\misis2024s-23-03-silaev-v-v\build.check\prj.check\prj.check\doctest_queuelst\doctest_queuelst_m.vcxproj]
    11>D:\projects\misis2023f-23-check\misis2024s-23-03-silaev-v-v\prj.check\prj.check\doctest_queuelst\doctest_queuelst_moveable.cpp(8,1): error C3544: "Types": пакет параметров ожидает аргумент шаблона типа [D:\projects\misis2023f-23-check\misis2024s-23-03-silaev-v-v\build.check\prj.check\prj.check\doctest_queuelst\doctest_queuelst_m.vcxproj]
    35>D:\projects\misis2023f-23-check\misis2024s-23-03-silaev-v-v\prj.test\test_stacklst.cpp(21,1): error C2039: "Size": не является членом "StackLst". [D:\projects\misis2023f-23-check\misis2024s-23-03-silaev-v-v\build.check\prj.test\test_stacklst.vcxproj]
    11>D:\projects\misis2023f-23-check\misis2024s-23-03-silaev-v-v\prj.check\prj.check\doctest_queuelst\doctest_queuelst_moveable.cpp(8,1): error C3203: "tuple": неспециализированный класс шаблон нельзя использовать в качестве аргумента шаблон для параметра шаблон "Tuple", требуется действительный тип [D:\projects\misis2023f-23-check\misis2024s-23-03-silaev-v-v\build.check\prj.check\prj.check\doctest_queuelst\doctest_queuelst_m.vcxproj]
    35>D:\projects\misis2023f-23-check\misis2024s-23-03-silaev-v-v\prj.test\test_stacklst.cpp(32,9): error C2039: "Size": не является членом "StackLst". [D:\projects\misis2023f-23-check\misis2024s-23-03-silaev-v-v\build.check\prj.test\test_stacklst.vcxproj]
    31>D:\projects\misis2023f-23-check\misis2024s-23-03-silaev-v-v\prj.test\test_stackarr.cpp(14,5): error C2039: "Size": не является членом "StackArr". [D:\projects\misis2023f-23-check\misis2024s-23-03-silaev-v-v\build.check\prj.test\test_stackarr.vcxproj]
    31>D:\projects\misis2023f-23-check\misis2024s-23-03-silaev-v-v\prj.test\test_stackarr.cpp(17,5): error C2039: "Size": не является членом "StackArr". [D:\projects\misis2023f-23-check\misis2024s-23-03-silaev-v-v\build.check\prj.test\test_stackarr.vcxproj]
    31>D:\projects\misis2023f-23-check\misis2024s-23-03-silaev-v-v\prj.test\test_stackarr.cpp(18,5): error C2039: "Size": не является членом "StackArr". [D:\projects\misis2023f-23-check\misis2024s-23-03-silaev-v-v\build.check\prj.test\test_stackarr.vcxproj]
    31>D:\projects\misis2023f-23-check\misis2024s-23-03-silaev-v-v\prj.test\test_stackarr.cpp(19,5): error C2039: "Capacity": не является членом "StackArr". [D:\projects\misis2023f-23-check\misis2024s-23-03-silaev-v-v\build.check\prj.test\test_stackarr.vcxproj]
    31>D:\projects\misis2023f-23-check\misis2024s-23-03-silaev-v-v\prj.test\test_stackarr.cpp(30,5): error C2039: "Size": не является членом "StackArr". [D:\projects\misis2023f-23-check\misis2024s-23-03-silaev-v-v\build.check\prj.test\test_stackarr.vcxproj]
    31>D:\projects\misis2023f-23-check\misis2024s-23-03-silaev-v-v\prj.test\test_stackarr.cpp(33,5): error C2039: "Size": не является членом "StackArr". [D:\projects\misis2023f-23-check\misis2024s-23-03-silaev-v-v\build.check\prj.test\test_stackarr.vcxproj]
    31>D:\projects\misis2023f-23-check\misis2024s-23-03-silaev-v-v\prj.test\test_stackarr.cpp(34,5): error C2039: "Size": не является членом "StackArr". [D:\projects\misis2023f-23-check\misis2024s-23-03-silaev-v-v\build.check\prj.test\test_stackarr.vcxproj]
    31>D:\projects\misis2023f-23-check\misis2024s-23-03-silaev-v-v\prj.test\test_stackarr.cpp(45,5): error C2039: "Size": не является членом "StackArr". [D:\projects\misis2023f-23-check\misis2024s-23-03-silaev-v-v\build.check\prj.test\test_stackarr.vcxproj]
    31>D:\projects\misis2023f-23-check\misis2024s-23-03-silaev-v-v\prj.test\test_stackarr.cpp(48,5): error C2039: "Size": не является членом "StackArr". [D:\projects\misis2023f-23-check\misis2024s-23-03-silaev-v-v\build.check\prj.test\test_stackarr.vcxproj]
    31>D:\projects\misis2023f-23-check\misis2024s-23-03-silaev-v-v\prj.test\test_stackarr.cpp(49,5): error C2039: "Size": не является членом "StackArr". [D:\projects\misis2023f-23-check\misis2024s-23-03-silaev-v-v\build.check\prj.test\test_stackarr.vcxproj]
    31>D:\projects\misis2023f-23-check\misis2024s-23-03-silaev-v-v\prj.test\test_stackarr.cpp(55,3): error C2039: "Size": не является членом "StackArr". [D:\projects\misis2023f-23-check\misis2024s-23-03-silaev-v-v\build.check\prj.test\test_stackarr.vcxproj]
    31>D:\projects\misis2023f-23-check\misis2024s-23-03-silaev-v-v\prj.test\test_stackarr.cpp(59,5): error C2039: "Size": не является членом "StackArr". [D:\projects\misis2023f-23-check\misis2024s-23-03-silaev-v-v\build.check\prj.test\test_stackarr.vcxproj]
    31>D:\projects\misis2023f-23-check\misis2024s-23-03-silaev-v-v\prj.test\test_stackarr.cpp(66,5): error C2039: "Size": не является членом "StackArr". [D:\projects\misis2023f-23-check\misis2024s-23-03-silaev-v-v\build.check\prj.test\test_stackarr.vcxproj]
    11>D:\projects\misis2023f-23-check\misis2024s-23-03-silaev-v-v\prj.check\prj.check\doctest_queuelst\doctest_queuelst_moveable.cpp(8,1): error C2027: использование неопределенного типа "`anonymous-namespace'::test_movableITERATOR<int>" [D:\projects\misis2023f-23-check\misis2024s-23-03-silaev-v-v\build.check\prj.check\prj.check\doctest_queuelst\doctest_queuelst_m.vcxproj]
    35>D:\projects\misis2023f-23-check\misis2024s-23-03-silaev-v-v\prj.test\test_stacklst.cpp(35,9): error C2039: "Size": не является членом "StackLst". [D:\projects\misis2023f-23-check\misis2024s-23-03-silaev-v-v\build.check\prj.test\test_stacklst.vcxproj]
    11>D:\projects\misis2023f-23-check\misis2024s-23-03-silaev-v-v\prj.check\prj.check\doctest_queuelst\doctest_queuelst_moveable.cpp(8,1): error C2672: "doctest::detail::instantiationHelper": не найдена соответствующая перегруженная функция [D:\projects\misis2023f-23-check\misis2024s-23-03-silaev-v-v\build.check\prj.check\prj.check\doctest_queuelst\doctest_queuelst_m.vcxproj]
    35>D:\projects\misis2023f-23-check\misis2024s-23-03-silaev-v-v\prj.test\test_stacklst.cpp(36,9): error C2039: "Size": не является членом "StackLst". [D:\projects\misis2023f-23-check\misis2024s-23-03-silaev-v-v\build.check\prj.test\test_stacklst.vcxproj]
    11>D:\projects\misis2023f-23-check\misis2024s-23-03-silaev-v-v\prj.check\prj.check\doctest_queuelst\doctest_queuelst_moveable.cpp(8,1): error C2660: doctest::detail::consume: функция не принимает 1 аргументов [D:\projects\misis2023f-23-check\misis2024s-23-03-silaev-v-v\build.check\prj.check\prj.check\doctest_queuelst\doctest_queuelst_m.vcxproj]
    35>D:\projects\misis2023f-23-check\misis2024s-23-03-silaev-v-v\prj.test\test_stacklst.cpp(47,9): error C2039: "Size": не является членом "StackLst". [D:\projects\misis2023f-23-check\misis2024s-23-03-silaev-v-v\build.check\prj.test\test_stacklst.vcxproj]
    11>D:\projects\misis2023f-23-check\misis2024s-23-03-silaev-v-v\prj.check\prj.check\doctest_queuelst\doctest_queuelst_moveable.cpp(10,1): error C2065: QueueLst: необъявленный идентификатор [D:\projects\misis2023f-23-check\misis2024s-23-03-silaev-v-v\build.check\prj.check\prj.check\doctest_queuelst\doctest_queuelst_m.vcxproj]
    11>D:\projects\misis2023f-23-check\misis2024s-23-03-silaev-v-v\prj.check\prj.check\doctest_queuelst\doctest_queuelst_moveable.cpp(10,1): error C3544: "Types": пакет параметров ожидает аргумент шаблона типа [D:\projects\misis2023f-23-check\misis2024s-23-03-silaev-v-v\build.check\prj.check\prj.check\doctest_queuelst\doctest_queuelst_m.vcxproj]
    35>D:\projects\misis2023f-23-check\misis2024s-23-03-silaev-v-v\prj.test\test_stacklst.cpp(50,9): error C2039: "Size": не является членом "StackLst". [D:\projects\misis2023f-23-check\misis2024s-23-03-silaev-v-v\build.check\prj.test\test_stacklst.vcxproj]
    11>D:\projects\misis2023f-23-check\misis2024s-23-03-silaev-v-v\prj.check\prj.check\doctest_queuelst\doctest_queuelst_moveable.cpp(10,1): error C3203: "tuple": неспециализированный класс шаблон нельзя использовать в качестве аргумента шаблон для параметра шаблон "Tuple", требуется действительный тип [D:\projects\misis2023f-23-check\misis2024s-23-03-silaev-v-v\build.check\prj.check\prj.check\doctest_queuelst\doctest_queuelst_m.vcxproj]
    11>D:\projects\misis2023f-23-check\misis2024s-23-03-silaev-v-v\prj.check\prj.check\doctest_queuelst\doctest_queuelst_moveable.cpp(10,1): error C2027: использование неопределенного типа "`anonymous-namespace'::test_movable_ctorITERATOR<int>" [D:\projects\misis2023f-23-check\misis2024s-23-03-silaev-v-v\build.check\prj.check\prj.check\doctest_queuelst\doctest_queuelst_m.vcxproj]
    35>D:\projects\misis2023f-23-check\misis2024s-23-03-silaev-v-v\prj.test\test_stacklst.cpp(51,9): error C2039: "Size": не является членом "StackLst". [D:\projects\misis2023f-23-check\misis2024s-23-03-silaev-v-v\build.check\prj.test\test_stacklst.vcxproj]
    35>D:\projects\misis2023f-23-check\misis2024s-23-03-silaev-v-v\prj.test\test_stacklst.cpp(57,5): error C2039: "Size": не является членом "StackLst". [D:\projects\misis2023f-23-check\misis2024s-23-03-silaev-v-v\build.check\prj.test\test_stacklst.vcxproj]
    11>D:\projects\misis2023f-23-check\misis2024s-23-03-silaev-v-v\prj.check\prj.check\doctest_queuelst\doctest_queuelst_moveable.cpp(10,1): error C2672: "doctest::detail::instantiationHelper": не найдена соответствующая перегруженная функция [D:\projects\misis2023f-23-check\misis2024s-23-03-silaev-v-v\build.check\prj.check\prj.check\doctest_queuelst\doctest_queuelst_m.vcxproj]
    11>D:\projects\misis2023f-23-check\misis2024s-23-03-silaev-v-v\prj.check\prj.check\doctest_queuelst\doctest_queuelst_moveable.cpp(10,1): error C2660: doctest::detail::consume: функция не принимает 1 аргументов [D:\projects\misis2023f-23-check\misis2024s-23-03-silaev-v-v\build.check\prj.check\prj.check\doctest_queuelst\doctest_queuelst_m.vcxproj]
    35>D:\projects\misis2023f-23-check\misis2024s-23-03-silaev-v-v\prj.test\test_stacklst.cpp(61,9): error C2039: "Size": не является членом "StackLst". [D:\projects\misis2023f-23-check\misis2024s-23-03-silaev-v-v\build.check\prj.test\test_stacklst.vcxproj]
    11>D:\projects\misis2023f-23-check\misis2024s-23-03-silaev-v-v\prj.check\prj.check\doctest_queuelst\doctest_queuelst_moveable.cpp(12,1): error C2065: QueueLst: необъявленный идентификатор [D:\projects\misis2023f-23-check\misis2024s-23-03-silaev-v-v\build.check\prj.check\prj.check\doctest_queuelst\doctest_queuelst_m.vcxproj]
    35>D:\projects\misis2023f-23-check\misis2024s-23-03-silaev-v-v\prj.test\test_stacklst.cpp(68,9): error C2039: "Size": не является членом "StackLst". [D:\projects\misis2023f-23-check\misis2024s-23-03-silaev-v-v\build.check\prj.test\test_stacklst.vcxproj]
    11>D:\projects\misis2023f-23-check\misis2024s-23-03-silaev-v-v\prj.check\prj.check\doctest_queuelst\doctest_queuelst_moveable.cpp(12,1): error C3544: "Types": пакет параметров ожидает аргумент шаблона типа [D:\projects\misis2023f-23-check\misis2024s-23-03-silaev-v-v\build.check\prj.check\prj.check\doctest_queuelst\doctest_queuelst_m.vcxproj]
    11>D:\projects\misis2023f-23-check\misis2024s-23-03-silaev-v-v\prj.check\prj.check\doctest_queuelst\doctest_queuelst_moveable.cpp(12,1): error C3203: "tuple": неспециализированный класс шаблон нельзя использовать в качестве аргумента шаблон для параметра шаблон "Tuple", требуется действительный тип [D:\projects\misis2023f-23-check\misis2024s-23-03-silaev-v-v\build.check\prj.check\prj.check\doctest_queuelst\doctest_queuelst_m.vcxproj]
    30>D:\projects\misis2023f-23-check\misis2024s-23-03-silaev-v-v\prj.test\test_queuearr.cpp(8,5): error C2039: "Size": не является членом "QueueArr". [D:\projects\misis2023f-23-check\misis2024s-23-03-silaev-v-v\build.check\prj.test\test_queuearr.vcxproj]
    11>D:\projects\misis2023f-23-check\misis2024s-23-03-silaev-v-v\prj.check\prj.check\doctest_queuelst\doctest_queuelst_moveable.cpp(12,1): error C2027: использование неопределенного типа "`anonymous-namespace'::test_movable_op_eqITERATOR<int>" [D:\projects\misis2023f-23-check\misis2024s-23-03-silaev-v-v\build.check\prj.check\prj.check\doctest_queuelst\doctest_queuelst_m.vcxproj]
    30>D:\projects\misis2023f-23-check\misis2024s-23-03-silaev-v-v\prj.test\test_queuearr.cpp(16,5): error C2039: "Size": не является членом "QueueArr". [D:\projects\misis2023f-23-check\misis2024s-23-03-silaev-v-v\build.check\prj.test\test_queuearr.vcxproj]
    30>D:\projects\misis2023f-23-check\misis2024s-23-03-silaev-v-v\prj.test\test_queuearr.cpp(20,5): error C2039: "Size": не является членом "QueueArr". [D:\projects\misis2023f-23-check\misis2024s-23-03-silaev-v-v\build.check\prj.test\test_queuearr.vcxproj]
    30>D:\projects\misis2023f-23-check\misis2024s-23-03-silaev-v-v\prj.test\test_queuearr.cpp(21,5): error C2039: "Size": не является членом "QueueArr". [D:\projects\misis2023f-23-check\misis2024s-23-03-silaev-v-v\build.check\prj.test\test_queuearr.vcxproj]
    30>D:\projects\misis2023f-23-check\misis2024s-23-03-silaev-v-v\prj.test\test_queuearr.cpp(25,5): error C2039: "Size": не является членом "QueueArr". [D:\projects\misis2023f-23-check\misis2024s-23-03-silaev-v-v\build.check\prj.test\test_queuearr.vcxproj]
    30>D:\projects\misis2023f-23-check\misis2024s-23-03-silaev-v-v\prj.test\test_queuearr.cpp(26,5): error C2039: "Size": не является членом "QueueArr". [D:\projects\misis2023f-23-check\misis2024s-23-03-silaev-v-v\build.check\prj.test\test_queuearr.vcxproj]
    30>D:\projects\misis2023f-23-check\misis2024s-23-03-silaev-v-v\prj.test\test_queuearr.cpp(38,5): error C2039: "Size": не является членом "QueueArr". [D:\projects\misis2023f-23-check\misis2024s-23-03-silaev-v-v\build.check\prj.test\test_queuearr.vcxproj]
    30>D:\projects\misis2023f-23-check\misis2024s-23-03-silaev-v-v\prj.test\test_queuearr.cpp(42,5): error C2039: "Size": не является членом "QueueArr". [D:\projects\misis2023f-23-check\misis2024s-23-03-silaev-v-v\build.check\prj.test\test_queuearr.vcxproj]
    30>D:\projects\misis2023f-23-check\misis2024s-23-03-silaev-v-v\prj.test\test_queuearr.cpp(43,5): error C2039: "Size": не является членом "QueueArr". [D:\projects\misis2023f-23-check\misis2024s-23-03-silaev-v-v\build.check\prj.test\test_queuearr.vcxproj]
    30>D:\projects\misis2023f-23-check\misis2024s-23-03-silaev-v-v\prj.test\test_queuearr.cpp(55,5): error C2039: "Size": не является членом "QueueArr". [D:\projects\misis2023f-23-check\misis2024s-23-03-silaev-v-v\build.check\prj.test\test_queuearr.vcxproj]
    30>D:\projects\misis2023f-23-check\misis2024s-23-03-silaev-v-v\prj.test\test_queuearr.cpp(58,5): error C2039: "Size": не является членом "QueueArr". [D:\projects\misis2023f-23-check\misis2024s-23-03-silaev-v-v\build.check\prj.test\test_queuearr.vcxproj]
    30>D:\projects\misis2023f-23-check\misis2024s-23-03-silaev-v-v\prj.test\test_queuearr.cpp(59,5): error C2039: "Size": не является членом "QueueArr". [D:\projects\misis2023f-23-check\misis2024s-23-03-silaev-v-v\build.check\prj.test\test_queuearr.vcxproj]
    30>D:\projects\misis2023f-23-check\misis2024s-23-03-silaev-v-v\prj.test\test_queuearr.cpp(66,3): error C2039: "Size": не является членом "QueueArr". [D:\projects\misis2023f-23-check\misis2024s-23-03-silaev-v-v\build.check\prj.test\test_queuearr.vcxproj]
    30>D:\projects\misis2023f-23-check\misis2024s-23-03-silaev-v-v\prj.test\test_queuearr.cpp(70,5): error C2039: "Size": не является членом "QueueArr". [D:\projects\misis2023f-23-check\misis2024s-23-03-silaev-v-v\build.check\prj.test\test_queuearr.vcxproj]
    30>D:\projects\misis2023f-23-check\misis2024s-23-03-silaev-v-v\prj.test\test_queuearr.cpp(77,5): error C2039: "Size": не является членом "QueueArr". [D:\projects\misis2023f-23-check\misis2024s-23-03-silaev-v-v\build.check\prj.test\test_queuearr.vcxproj]
    11>D:\projects\misis2023f-23-check\misis2024s-23-03-silaev-v-v\prj.check\prj.check\doctest_queuelst\doctest_queuelst_moveable.cpp(12,1): error C2672: "doctest::detail::instantiationHelper": не найдена соответствующая перегруженная функция [D:\projects\misis2023f-23-check\misis2024s-23-03-silaev-v-v\build.check\prj.check\prj.check\doctest_queuelst\doctest_queuelst_m.vcxproj]
    11>D:\projects\misis2023f-23-check\misis2024s-23-03-silaev-v-v\prj.check\prj.check\doctest_queuelst\doctest_queuelst_moveable.cpp(12,1): error C2660: doctest::detail::consume: функция не принимает 1 аргументов [D:\projects\misis2023f-23-check\misis2024s-23-03-silaev-v-v\build.check\prj.check\prj.check\doctest_queuelst\doctest_queuelst_m.vcxproj]
    11>D:\projects\misis2023f-23-check\misis2024s-23-03-silaev-v-v\prj.check\prj.check\doctest_queuelst\doctest_queuelst_moveable.cpp(15,3): error C2065: QueueLst: необъявленный идентификатор [D:\projects\misis2023f-23-check\misis2024s-23-03-silaev-v-v\build.check\prj.check\prj.check\doctest_queuelst\doctest_queuelst_m.vcxproj]
    11>D:\projects\misis2023f-23-check\misis2024s-23-03-silaev-v-v\prj.check\prj.check\doctest_queuelst\doctest_queuelst_moveable.cpp(15,12): error C2146: синтаксическая ошибка: отсутствие ";" перед идентификатором "qu0" [D:\projects\misis2023f-23-check\misis2024s-23-03-silaev-v-v\build.check\prj.check\prj.check\doctest_queuelst\doctest_queuelst_m.vcxproj]
    11>D:\projects\misis2023f-23-check\misis2024s-23-03-silaev-v-v\prj.check\prj.check\doctest_queuelst\doctest_queuelst_moveable.cpp(15,12): error C2065: qu0: необъявленный идентификатор [D:\projects\misis2023f-23-check\misis2024s-23-03-silaev-v-v\build.check\prj.check\prj.check\doctest_queuelst\doctest_queuelst_m.vcxproj]
    11>D:\projects\misis2023f-23-check\misis2024s-23-03-silaev-v-v\prj.check\prj.check\doctest_queuelst\doctest_queuelst_moveable.cpp(16,3): error C2065: qu0: необъявленный идентификатор [D:\projects\misis2023f-23-check\misis2024s-23-03-silaev-v-v\build.check\prj.check\prj.check\doctest_queuelst\doctest_queuelst_m.vcxproj]
    11>D:\projects\misis2023f-23-check\misis2024s-23-03-silaev-v-v\prj.check\prj.check\doctest_queuelst\doctest_queuelst_moveable.cpp(17,3): error C2065: QueueLst: необъявленный идентификатор [D:\projects\misis2023f-23-check\misis2024s-23-03-silaev-v-v\build.check\prj.check\prj.check\doctest_queuelst\doctest_queuelst_m.vcxproj]
    11>D:\projects\misis2023f-23-check\misis2024s-23-03-silaev-v-v\prj.check\prj.check\doctest_queuelst\doctest_queuelst_moveable.cpp(17,12): error C2146: синтаксическая ошибка: отсутствие ";" перед идентификатором "qu" [D:\projects\misis2023f-23-check\misis2024s-23-03-silaev-v-v\build.check\prj.check\prj.check\doctest_queuelst\doctest_queuelst_m.vcxproj]
    11>D:\projects\misis2023f-23-check\misis2024s-23-03-silaev-v-v\prj.check\prj.check\doctest_queuelst\doctest_queuelst_moveable.cpp(17,12): error C2065: qu: необъявленный идентификатор [D:\projects\misis2023f-23-check\misis2024s-23-03-silaev-v-v\build.check\prj.check\prj.check\doctest_queuelst\doctest_queuelst_m.vcxproj]
    11>D:\projects\misis2023f-23-check\misis2024s-23-03-silaev-v-v\prj.check\prj.check\doctest_queuelst\doctest_queuelst_moveable.cpp(17,27): error C2065: qu0: необъявленный идентификатор [D:\projects\misis2023f-23-check\misis2024s-23-03-silaev-v-v\build.check\prj.check\prj.check\doctest_queuelst\doctest_queuelst_m.vcxproj]
    11>D:\projects\misis2023f-23-check\misis2024s-23-03-silaev-v-v\prj.check\prj.check\doctest_queuelst\doctest_queuelst_moveable.cpp(18,3): error C2065: qu: необъявленный идентификатор [D:\projects\misis2023f-23-check\misis2024s-23-03-silaev-v-v\build.check\prj.check\prj.check\doctest_queuelst\doctest_queuelst_m.vcxproj]
    11>D:\projects\misis2023f-23-check\misis2024s-23-03-silaev-v-v\prj.check\prj.check\doctest_queuelst\doctest_queuelst_moveable.cpp(19,8): error C2065: qu: необъявленный идентификатор [D:\projects\misis2023f-23-check\misis2024s-23-03-silaev-v-v\build.check\prj.check\prj.check\doctest_queuelst\doctest_queuelst_m.vcxproj]
    11>D:\projects\misis2023f-23-check\misis2024s-23-03-silaev-v-v\prj.check\prj.check\doctest_queuelst\doctest_queuelst_moveable.cpp(19,25): error C2065: qu0: необъявленный идентификатор [D:\projects\misis2023f-23-check\misis2024s-23-03-silaev-v-v\build.check\prj.check\prj.check\doctest_queuelst\doctest_queuelst_m.vcxproj]
    11>D:\projects\misis2023f-23-check\misis2024s-23-03-silaev-v-v\prj.check\prj.check\doctest_queuelst\doctest_queuelst_moveable.cpp(20,5): error C2065: qu0: необъявленный идентификатор [D:\projects\misis2023f-23-check\misis2024s-23-03-silaev-v-v\build.check\prj.check\prj.check\doctest_queuelst\doctest_queuelst_m.vcxproj]
    11>D:\projects\misis2023f-23-check\misis2024s-23-03-silaev-v-v\prj.check\prj.check\doctest_queuelst\doctest_queuelst_moveable.cpp(20,5): error C2065: qu: необъявленный идентификатор [D:\projects\misis2023f-23-check\misis2024s-23-03-silaev-v-v\build.check\prj.check\prj.check\doctest_queuelst\doctest_queuelst_m.vcxproj]
    24>doctest_stackarr_moveable.obj : error LNK2019: ссылка на неразрешенный внешний символ "public: __cdecl StackArr::StackArr(class StackArr &&)" (??0StackArr@@QEAA@$$QEAV0@@Z) в функции "void __cdecl DOCTEST_ANON_TMP_16<class StackArr>(void)" (??$DOCTEST_ANON_TMP_16@VStackArr@@@@YAXXZ). [D:\projects\misis2023f-23-check\misis2024s-23-03-silaev-v-v\build.check\prj.check\prj.check\doctest_stackarr\doctest_stackarr_m.vcxproj]
    24>D:\projects\misis2023f-23-check\misis2024s-23-03-silaev-v-v\bin.check\doctest_stackarr_m.exe : fatal error LNK1120: неразрешенных внешних элементов: 1 [D:\projects\misis2023f-23-check\misis2024s-23-03-silaev-v-v\build.check\prj.check\prj.check\doctest_stackarr\doctest_stackarr_m.vcxproj]
    33>test_queuelst.obj : error LNK2019: ссылка на неразрешенный внешний символ "public: __cdecl Queue::Queue(class Queue const &)" (??0Queue@@QEAA@AEBV0@@Z) в функции "void __cdecl DOCTEST_ANON_FUNC_15(void)" (?DOCTEST_ANON_FUNC_15@@YAXXZ). [D:\projects\misis2023f-23-check\misis2024s-23-03-silaev-v-v\build.check\prj.test\test_queuelst.vcxproj]
    33>D:\projects\misis2023f-23-check\misis2024s-23-03-silaev-v-v\bin.rel\test_queuelst.exe : fatal error LNK1120: неразрешенных внешних элементов: 1 [D:\projects\misis2023f-23-check\misis2024s-23-03-silaev-v-v\build.check\prj.test\test_queuelst.vcxproj]
