    14>D:\projects\misis2023f-23-check\misis2024s-23-03-silaev-v-v\prj.check\prj.check\doctest_dynarr\doctest_dynarr.cpp(3,10): error C1083: Cannot open include file: 'dynarr/dynarr.hpp': No such file or directory [D:\projects\misis2023f-23-check\misis2024s-23-03-silaev-v-v\build.check\prj.check\prj.check\doctest_dynarr\doctest_dynarr.vcxproj]
    13>D:\projects\misis2023f-23-check\misis2024s-23-03-silaev-v-v\prj.check\prj.check\doctest_dynarr\doctest_dynarr_moveable.cpp(3,10): error C1083: Cannot open include file: 'dynarr/dynarr.hpp': No such file or directory [D:\projects\misis2023f-23-check\misis2024s-23-03-silaev-v-v\build.check\prj.check\prj.check\doctest_dynarr\doctest_dynarr_m.vcxproj]
    21>D:\projects\misis2023f-23-check\misis2024s-23-03-silaev-v-v\prj.check\prj.check\doctest_rational\doctest_rational_io.cpp(3,10): error C1083: Cannot open include file: 'rational/rational.hpp': No such file or directory [D:\projects\misis2023f-23-check\misis2024s-23-03-silaev-v-v\build.check\prj.check\prj.check\doctest_rational\doctest_rational_io.vcxproj]
    17>D:\projects\misis2023f-23-check\misis2024s-23-03-silaev-v-v\prj.check\prj.check\doctest_queuelstpr\doctest_queuelstpr_moveable.cpp(3,10): error C1083: Cannot open include file: 'queuelstpr/queuelstpr.hpp': No such file or directory [D:\projects\misis2023f-23-check\misis2024s-23-03-silaev-v-v\build.check\prj.check\prj.check\doctest_queuelstpr\doctest_queuelstpr_m.vcxproj]
    20>D:\projects\misis2023f-23-check\misis2024s-23-03-silaev-v-v\prj.check\prj.check\doctest_queuelstpr\doctest_queuelstpr.cpp(3,10): error C1083: Cannot open include file: 'queuelstpr/queuelstpr.hpp': No such file or directory [D:\projects\misis2023f-23-check\misis2024s-23-03-silaev-v-v\build.check\prj.check\prj.check\doctest_queuelstpr\doctest_queuelstpr.vcxproj]
    15>D:\projects\misis2023f-23-check\misis2024s-23-03-silaev-v-v\prj.check\prj.check\doctest_rational\doctest_rational.cpp(3,10): error C1083: Cannot open include file: 'rational/rational.hpp': No such file or directory [D:\projects\misis2023f-23-check\misis2024s-23-03-silaev-v-v\build.check\prj.check\prj.check\doctest_rational\doctest_rational.vcxproj]
     9>D:\projects\misis2023f-23-check\misis2024s-23-03-silaev-v-v\prj.lab\bitset\bitset.cpp(117): error C4716: 'BitSet::operator^=': must return a value [D:\projects\misis2023f-23-check\misis2024s-23-03-silaev-v-v\build.check\prj.lab\bitset\bitset.vcxproj]
     9>D:\projects\misis2023f-23-check\misis2024s-23-03-silaev-v-v\prj.lab\bitset\bitset.cpp(110): error C4716: 'BitSet::operator|=': must return a value [D:\projects\misis2023f-23-check\misis2024s-23-03-silaev-v-v\build.check\prj.lab\bitset\bitset.vcxproj]
     9>D:\projects\misis2023f-23-check\misis2024s-23-03-silaev-v-v\prj.lab\bitset\bitset.cpp(102): error C4716: 'BitSet::operator&=': must return a value [D:\projects\misis2023f-23-check\misis2024s-23-03-silaev-v-v\build.check\prj.lab\bitset\bitset.vcxproj]
    25>D:\projects\misis2023f-23-check\misis2024s-23-03-silaev-v-v\prj.check\prj.check\doctest_rational\doctest_rational_moveable.cpp(3,10): error C1083: Cannot open include file: 'rational/rational.hpp': No such file or directory [D:\projects\misis2023f-23-check\misis2024s-23-03-silaev-v-v\build.check\prj.check\prj.check\doctest_rational\doctest_rational_m.vcxproj]
    37>LINK : fatal error LNK1181: cannot open input file 'queuelstt.lib' [D:\projects\misis2023f-23-check\misis2024s-23-03-silaev-v-v\build.check\prj.test\test_queuelstt.vcxproj]
    34>D:\projects\misis2023f-23-check\misis2024s-23-03-silaev-v-v\prj.test\test_queuelst.cpp(15,9): error C2039: 'Size': is not a member of 'QueueLst' [D:\projects\misis2023f-23-check\misis2024s-23-03-silaev-v-v\build.check\prj.test\test_queuelst.vcxproj]
    34>D:\projects\misis2023f-23-check\misis2024s-23-03-silaev-v-v\prj.test\test_queuelst.cpp(18,9): error C2039: 'Size': is not a member of 'QueueLst' [D:\projects\misis2023f-23-check\misis2024s-23-03-silaev-v-v\build.check\prj.test\test_queuelst.vcxproj]
    34>D:\projects\misis2023f-23-check\misis2024s-23-03-silaev-v-v\prj.test\test_queuelst.cpp(19,9): error C2039: 'Size': is not a member of 'QueueLst' [D:\projects\misis2023f-23-check\misis2024s-23-03-silaev-v-v\build.check\prj.test\test_queuelst.vcxproj]
    34>D:\projects\misis2023f-23-check\misis2024s-23-03-silaev-v-v\prj.test\test_queuelst.cpp(33,9): error C2039: 'Size': is not a member of 'QueueLst' [D:\projects\misis2023f-23-check\misis2024s-23-03-silaev-v-v\build.check\prj.test\test_queuelst.vcxproj]
    34>D:\projects\misis2023f-23-check\misis2024s-23-03-silaev-v-v\prj.test\test_queuelst.cpp(38,9): error C2039: 'Size': is not a member of 'QueueLst' [D:\projects\misis2023f-23-check\misis2024s-23-03-silaev-v-v\build.check\prj.test\test_queuelst.vcxproj]
    34>D:\projects\misis2023f-23-check\misis2024s-23-03-silaev-v-v\prj.test\test_queuelst.cpp(39,9): error C2039: 'Size': is not a member of 'QueueLst' [D:\projects\misis2023f-23-check\misis2024s-23-03-silaev-v-v\build.check\prj.test\test_queuelst.vcxproj]
    40>test_stacklstt.obj : error LNK2019: unresolved external symbol "public: struct Complex & __cdecl Complex::operator=(struct Complex)" (??4Complex@@QEAAAEAU0@U0@@Z) referenced in function "public: class StackLstT<struct Complex> & __cdecl StackLstT<struct Complex>::operator=(class StackLstT<struct Complex> const &)" (??4?$StackLstT@UComplex@@@@QEAAAEAV0@AEBV0@@Z) [D:\projects\misis2023f-23-check\misis2024s-23-03-silaev-v-v\build.check\prj.test\test_stacklstt.vcxproj]
    40>test_stacklstt.obj : error LNK2019: unresolved external symbol "public: class std::basic_ostream<char,struct std::char_traits<char> > & __cdecl Complex::WriteTo(class std::basic_ostream<char,struct std::char_traits<char> > &)const " (?WriteTo@Complex@@QEBAAEAV?$basic_ostream@DU?$char_traits@D@std@@@std@@AEAV23@@Z) referenced in function "void __cdecl doctest::detail::filloss<struct Complex>(class std::basic_ostream<char,struct std::char_traits<char> > *,struct Complex const &)" (??$filloss@UComplex@@@detail@doctest@@YAXPEAV?$basic_ostream@DU?$char_traits@D@std@@@std@@AEBUComplex@@@Z) [D:\projects\misis2023f-23-check\misis2024s-23-03-silaev-v-v\build.check\prj.test\test_stacklstt.vcxproj]
    40>D:\projects\misis2023f-23-check\misis2024s-23-03-silaev-v-v\bin.rel\test_stacklstt.exe : fatal error LNK1120: 2 unresolved externals [D:\projects\misis2023f-23-check\misis2024s-23-03-silaev-v-v\build.check\prj.test\test_stacklstt.vcxproj]
    35>test_queuearr.obj : error LNK2019: unresolved external symbol "public: int __cdecl QueueArr::Size(void)" (?Size@QueueArr@@QEAAHXZ) referenced in function "void __cdecl DOCTEST_ANON_FUNC_15(void)" (?DOCTEST_ANON_FUNC_15@@YAXXZ) [D:\projects\misis2023f-23-check\misis2024s-23-03-silaev-v-v\build.check\prj.test\test_queuearr.vcxproj]
    35>D:\projects\misis2023f-23-check\misis2024s-23-03-silaev-v-v\bin.rel\test_queuearr.exe : fatal error LNK1120: 1 unresolved externals [D:\projects\misis2023f-23-check\misis2024s-23-03-silaev-v-v\build.check\prj.test\test_queuearr.vcxproj]
    27>doctest_stackarr_moveable.obj : error LNK2019: unresolved external symbol "public: __cdecl StackArr::StackArr(class StackArr &&)" (??0StackArr@@QEAA@$$QEAV0@@Z) referenced in function "void __cdecl DOCTEST_ANON_TMP_16<class StackArr>(void)" (??$DOCTEST_ANON_TMP_16@VStackArr@@@@YAXXZ) [D:\projects\misis2023f-23-check\misis2024s-23-03-silaev-v-v\build.check\prj.check\prj.check\doctest_stackarr\doctest_stackarr_m.vcxproj]
    27>D:\projects\misis2023f-23-check\misis2024s-23-03-silaev-v-v\bin.check\doctest_stackarr_m.exe : fatal error LNK1120: 1 unresolved externals [D:\projects\misis2023f-23-check\misis2024s-23-03-silaev-v-v\build.check\prj.check\prj.check\doctest_stackarr\doctest_stackarr_m.vcxproj]
